<?xml version="1.0" encoding="UTF-8"?>
<testng-results skipped="0" failed="0" ignored="0" total="1" passed="1">
  <reporter-output>
  </reporter-output>
  <suite name="Default suite" duration-ms="24" started-at="2019-01-23T05:52:51Z" finished-at="2019-01-23T05:52:51Z">
    <groups>
    </groups>
    <test name="Default test" duration-ms="24" started-at="2019-01-23T05:52:51Z" finished-at="2019-01-23T05:52:51Z">
      <class name="com.luzengtao.Testbank.TestBank3">
        <test-method status="PASS" signature="testBank()[pri:0, instance:com.luzengtao.Testbank.TestBank3@36d4b5c]" name="testBank" duration-ms="8" started-at="2019-01-23T05:52:51Z" finished-at="2019-01-23T05:52:51Z">
          <reporter-output>
          </reporter-output>
        </test-method> <!-- testBank -->
      </class> <!-- com.luzengtao.Testbank.TestBank3 -->
    </test> <!-- Default test -->
  </suite> <!-- Default suite -->
</testng-results>
