<?xml version="1.0" encoding="UTF-8"?>
<testng-results skipped="0" failed="0" ignored="0" total="2" passed="2">
  <reporter-output>
  </reporter-output>
  <suite name="Default suite" duration-ms="24" started-at="2019-01-23T06:27:56Z" finished-at="2019-01-23T06:27:56Z">
    <groups>
    </groups>
    <test name="Default test" duration-ms="24" started-at="2019-01-23T06:27:56Z" finished-at="2019-01-23T06:27:56Z">
      <class name="com.luzengtao.learn.ex3.TestOverLoad">
        <test-method status="PASS" signature="testOverLoad()[pri:0, instance:com.luzengtao.learn.ex3.TestOverLoad@36d4b5c]" name="testOverLoad" duration-ms="7" started-at="2019-01-23T06:27:56Z" finished-at="2019-01-23T06:27:56Z">
          <reporter-output>
          </reporter-output>
        </test-method> <!-- testOverLoad -->
        <test-method status="PASS" signature="testOverLoad2()[pri:0, instance:com.luzengtao.learn.ex3.TestOverLoad@36d4b5c]" name="testOverLoad2" duration-ms="1" started-at="2019-01-23T06:27:56Z" finished-at="2019-01-23T06:27:56Z">
          <reporter-output>
          </reporter-output>
        </test-method> <!-- testOverLoad2 -->
      </class> <!-- com.luzengtao.learn.ex3.TestOverLoad -->
    </test> <!-- Default test -->
  </suite> <!-- Default suite -->
</testng-results>
